<?xml version="1.0" encoding="UTF-8"?>
<testng-results ignored="0" total="1" passed="1" failed="0" skipped="0">
  <reporter-output>
  </reporter-output>
  <suite started-at="2023-12-29T12:04:20 IST" name="Suite1" finished-at="2023-12-29T12:04:36 IST" duration-ms="16806">
    <groups>
    </groups>
    <test started-at="2023-12-29T12:04:20 IST" name="Salesforcepage" finished-at="2023-12-29T12:04:36 IST" duration-ms="16806">
      <class name="com.java.selenium.automation.test.SalesForceTryForFreeTest">
        <test-method is-config="true" signature="setup(java.lang.String)[pri:0, instance:com.java.selenium.automation.test.SalesForceTryForFreeTest@7a5ceedd]" started-at="2023-12-29T12:04:20 IST" name="setup" finished-at="2023-12-29T12:04:24 IST" duration-ms="4503" status="PASS">
          <params>
            <param index="0">
              <value>
                <![CDATA[chrome]]>
              </value>
            </param>
          </params>
          <reporter-output>
          </reporter-output>
        </test-method> <!-- setup -->
        <test-method signature="salesForceTryForFreeTest()[pri:0, instance:com.java.selenium.automation.test.SalesForceTryForFreeTest@7a5ceedd]" started-at="2023-12-29T12:04:24 IST" name="salesForceTryForFreeTest" finished-at="2023-12-29T12:04:33 IST" duration-ms="9235" status="PASS">
          <reporter-output>
          </reporter-output>
        </test-method> <!-- salesForceTryForFreeTest -->
        <test-method is-config="true" signature="closedriver()[pri:0, instance:com.java.selenium.automation.test.SalesForceTryForFreeTest@7a5ceedd]" started-at="2023-12-29T12:04:33 IST" name="closedriver" finished-at="2023-12-29T12:04:36 IST" duration-ms="3014" status="PASS">
          <reporter-output>
          </reporter-output>
        </test-method> <!-- closedriver -->
      </class> <!-- com.java.selenium.automation.test.SalesForceTryForFreeTest -->
    </test> <!-- Salesforcepage -->
  </suite> <!-- Suite1 -->
</testng-results>
